Unity Editor version:    2020.3.22f1 (e1a7f79fd887)
Branch:                  2020.3/staging
Build type:              Release
Batch mode:              YES
macOS version:           Version 11.6.1 (Build 20G224)
Darwin version:          20.6.0
Architecture:            x86_64
Running under Rosetta:   NO
Available memory:        8192 MB
Using pre-set license
Pro License: NO

COMMAND LINE ARGUMENTS:
/Applications/Unity/Hub/Editor/2020.3.22f1/Unity.app/Contents/MacOS/Unity
-adb2
-batchMode
-noUpm
-name
AssetImportWorker0
-projectPath
/Users/masahiro/UnityProject/2048project
-logFile
Logs/AssetImportWorker0.log
-srvPort
59212
Successfully changed project path to: /Users/masahiro/UnityProject/2048project
/Users/masahiro/UnityProject/2048project
Using Asset Import Pipeline V2.
Refreshing native plugins compatible for Editor in 134.72 ms, found 3 plugins.
Preloading 0 native plugins for Editor in 0.00 ms.
Initialize engine version: 2020.3.22f1 (e1a7f79fd887)
[Subsystems] Discovering subsystems at path /Applications/Unity/Hub/Editor/2020.3.22f1/Unity.app/Contents/Resources/UnitySubsystems
[Subsystems] Discovering subsystems at path /Users/masahiro/UnityProject/2048project/Assets
GfxDevice: creating device client; threaded=0
2021-12-23 20:02:10.545 Unity[5837:4188204] Color LCD preferred device: Intel Iris Graphics (low power)
2021-12-23 20:02:10.546 Unity[5837:4188204] Metal devices available: 1
2021-12-23 20:02:10.546 Unity[5837:4188204] 0: Intel Iris Graphics (low power)
2021-12-23 20:02:10.546 Unity[5837:4188204] Using device Intel Iris Graphics (low power)
Initializing Metal device caps: Intel Iris Graphics
Initialize mono
Mono path[0] = '/Applications/Unity/Hub/Editor/2020.3.22f1/Unity.app/Contents/Managed'
Mono path[1] = '/Applications/Unity/Hub/Editor/2020.3.22f1/Unity.app/Contents/MonoBleedingEdge/lib/mono/unityjit'
Mono config path = '/Applications/Unity/Hub/Editor/2020.3.22f1/Unity.app/Contents/MonoBleedingEdge/etc'
Using monoOptions --debugger-agent=transport=dt_socket,embedding=1,server=y,suspend=n,address=127.0.0.1:56837
Begin MonoManager ReloadAssembly
Registering precompiled unity dll's ...
Register platform support module: /Applications/Unity/Hub/Editor/2020.3.22f1/PlaybackEngines/WebGLSupport/UnityEditor.WebGL.Extensions.dll
Register platform support module: /Applications/Unity/Hub/Editor/2020.3.22f1/Unity.app/Contents/PlaybackEngines/MacStandaloneSupport/UnityEditor.OSXStandalone.Extensions.dll
Register platform support module: /Applications/Unity/Hub/Editor/2020.3.22f1/PlaybackEngines/WindowsStandaloneSupport/UnityEditor.WindowsStandalone.Extensions.dll
Registered in 0.003998 seconds.
Native extension for WindowsStandalone target not found
Native extension for OSXStandalone target not found
Native extension for WebGL target not found
Refreshing native plugins compatible for Editor in 73.82 ms, found 3 plugins.
Preloading 0 native plugins for Editor in 0.00 ms.
Mono: successfully reloaded assembly
- Completed reload, in 11.027 seconds
Domain Reload Profiling:
	ReloadAssembly (11027ms)
		BeginReloadAssembly (69ms)
			ExecutionOrderSort (0ms)
			DisableScriptedObjects (0ms)
			BackupInstance (0ms)
			ReleaseScriptingObjects (0ms)
			CreateAndSetChildDomain (2ms)
		EndReloadAssembly (1046ms)
			LoadAssemblies (72ms)
			RebuildTransferFunctionScriptingTraits (0ms)
			SetupTypeCache (398ms)
			ReleaseScriptCaches (0ms)
			RebuildScriptCaches (71ms)
			SetupLoadedEditorAssemblies (397ms)
				LogAssemblyErrors (0ms)
				InitializePlatformSupportModulesInManaged (8ms)
				SetLoadedEditorAssemblies (0ms)
				RefreshPlugins (74ms)
				BeforeProcessingInitializeOnLoad (51ms)
				ProcessInitializeOnLoadAttributes (217ms)
				ProcessInitializeOnLoadMethodAttributes (45ms)
				AfterProcessingInitializeOnLoad (0ms)
				EditorAssembliesLoaded (0ms)
			ExecutionOrderSort2 (0ms)
			AwakeInstancesAfterBackupRestoration (0ms)
Platform modules already initialized, skipping
Registering precompiled user dll's ...
Registered in 0.007946 seconds.
Begin MonoManager ReloadAssembly
Native extension for WindowsStandalone target not found
Native extension for OSXStandalone target not found
Native extension for WebGL target not found
Refreshing native plugins compatible for Editor in 91.66 ms, found 3 plugins.
Preloading 0 native plugins for Editor in 0.00 ms.
Mono: successfully reloaded assembly
- Completed reload, in  2.777 seconds
Domain Reload Profiling:
	ReloadAssembly (2779ms)
		BeginReloadAssembly (436ms)
			ExecutionOrderSort (0ms)
			DisableScriptedObjects (9ms)
			BackupInstance (0ms)
			ReleaseScriptingObjects (0ms)
			CreateAndSetChildDomain (90ms)
		EndReloadAssembly (2200ms)
			LoadAssemblies (258ms)
			RebuildTransferFunctionScriptingTraits (0ms)
			SetupTypeCache (710ms)
			ReleaseScriptCaches (6ms)
			RebuildScriptCaches (134ms)
			SetupLoadedEditorAssemblies (802ms)
				LogAssemblyErrors (0ms)
				InitializePlatformSupportModulesInManaged (11ms)
				SetLoadedEditorAssemblies (0ms)
				RefreshPlugins (92ms)
				BeforeProcessingInitializeOnLoad (195ms)
				ProcessInitializeOnLoadAttributes (476ms)
				ProcessInitializeOnLoadMethodAttributes (27ms)
				AfterProcessingInitializeOnLoad (2ms)
				EditorAssembliesLoaded (0ms)
			ExecutionOrderSort2 (0ms)
			AwakeInstancesAfterBackupRestoration (10ms)
Platform modules already initialized, skipping
Validating Project structure ... 0.020748 seconds.
Shader import version has changed; will reimport all shaders...
Upgrading shader files ...0.005773 seconds.
Application.AssetDatabase Initial Script Refresh Start
RefreshInfo: InitialScriptRefreshV2(NoUpdateAssetOptions) scanfilter:  ... 1 filters
RefreshProfiler: Total: 0.000ms
Application.AssetDatabase Initial Script Refresh End
Application.AssetDatabase.Refresh Start
Application.AssetDatabase.Refresh End
RefreshInfo: StopAssetImportingV2(ForceSynchronousImport) scanfilter: 
RefreshProfiler: Total: 0.000ms
Launching external process: /Applications/Unity/Hub/Editor/2020.3.22f1/Unity.app/Contents/Tools/UnityShaderCompiler
Launched and connected shader compiler UnityShaderCompiler after 0.03 seconds
Initializing Unity extensions:
========================================================================
Worker process is ready to serve import requests
Refreshing native plugins compatible for Editor in 0.72 ms, found 3 plugins.
Preloading 0 native plugins for Editor in 0.00 ms.
Unloading 2197 Unused Serialized files (Serialized files now loaded: 0)
System memory in use before: 279.4 MB.
System memory in use after: 278.7 MB.

Unloading 112 unused Assets to reduce memory usage. Loaded Objects now: 2673.
Total: 5.321486 ms (FindLiveObjects: 0.336978 ms CreateObjectMapping: 0.113097 ms MarkObjects: 4.153997 ms  DeleteObjects: 0.715991 ms)

AssetImportParameters requested are different than current active one (requested -> active):
  custom:video-decoder-ogg-theora: a1e56fd34408186e4bbccfd4996cb3dc -> 
  custom:container-muxer-webm: aa71ff27fc2769a1b78a27578f13a17b -> 
  custom:container-demuxer-webm: 4f35f7cbe854078d1ac9338744f61a02 -> 
  custom:container-demuxer-ogg: 62fdf1f143b41e24485cea50d1cbac27 -> 
  custom:video-encoder-webm-vp8: eb34c28f22e8b96e1ab97ce403110664 -> 
  custom:framework-osx-AVFoundation: e770b220cccbd017edd2c1fefb359320 -> 
  custom:video-decoder-webm-vp8: 9c59270c3fd7afecdb556c50c9e8de78 -> 
  custom:audio-decoder-ogg-vorbis: bf7c407c2cedff20999df2af8eb42d56 -> 
  custom:audio-encoder-webm-vorbis: bf7c407c2cedff20999df2af8eb42d56 -> 
========================================================================
Received Import Request.
  path: Assets/Beautiful Progress Bar Free - CYKO/PROGRESS UI/bgArtboard 36.png
  artifactKey: Guid(4567951899c584cf3ab8802d30151419) Importer(815301076,1909f56bfc062723c751e8b465ee728b)
Start importing Assets/Beautiful Progress Bar Free - CYKO/PROGRESS UI/bgArtboard 36.png using Guid(4567951899c584cf3ab8802d30151419) Importer(815301076,1909f56bfc062723c751e8b465ee728b)  -> (artifact id: 'eefbd988295b6631e1b5a76bce2ef97e') in 1.596331 seconds 
  Import took 1.608411 seconds .

========================================================================
Received Import Request.
  Time since last request: 0.007324 seconds.
  path: Assets/Beautiful Progress Bar Free - CYKO/PROGRESS UI/bgArtboard 44.png
  artifactKey: Guid(80a171cbfd68547d5a2e2883e8e4298a) Importer(815301076,1909f56bfc062723c751e8b465ee728b)
Start importing Assets/Beautiful Progress Bar Free - CYKO/PROGRESS UI/bgArtboard 44.png using Guid(80a171cbfd68547d5a2e2883e8e4298a) Importer(815301076,1909f56bfc062723c751e8b465ee728b)  -> (artifact id: '9fabc4365195d1536727e53b137b7893') in 0.020746 seconds 
  Import took 0.030023 seconds .

========================================================================
Received Import Request.
  Time since last request: 0.000441 seconds.
  path: Assets/Beautiful Progress Bar Free - CYKO/PROGRESS UI/bgArtboard 22.png
  artifactKey: Guid(11b5063e11cde4680a094a9bbca13383) Importer(815301076,1909f56bfc062723c751e8b465ee728b)
Start importing Assets/Beautiful Progress Bar Free - CYKO/PROGRESS UI/bgArtboard 22.png using Guid(11b5063e11cde4680a094a9bbca13383) Importer(815301076,1909f56bfc062723c751e8b465ee728b)  -> (artifact id: '11460c2445c4dc7ceebdc7aeb897c268') in 0.047834 seconds 
  Import took 0.055712 seconds .

========================================================================
Received Import Request.
  Time since last request: 0.000353 seconds.
  path: Assets/Beautiful Progress Bar Free - CYKO/PROGRESS UI/bgArtboard 33.png
  artifactKey: Guid(cc0b4b8834ee549f49b374ca8c5d7f15) Importer(815301076,1909f56bfc062723c751e8b465ee728b)
Start importing Assets/Beautiful Progress Bar Free - CYKO/PROGRESS UI/bgArtboard 33.png using Guid(cc0b4b8834ee549f49b374ca8c5d7f15) Importer(815301076,1909f56bfc062723c751e8b465ee728b)  -> (artifact id: '577faf7b344042b5adea35b25986b1bb') in 0.015803 seconds 
  Import took 0.025620 seconds .

========================================================================
Received Import Request.
  Time since last request: 0.000395 seconds.
  path: Assets/Beautiful Progress Bar Free - CYKO/PROGRESS UI/bgArtboard 27.png
  artifactKey: Guid(1ba37af43c4904ef19390e750cd57dda) Importer(815301076,1909f56bfc062723c751e8b465ee728b)
Start importing Assets/Beautiful Progress Bar Free - CYKO/PROGRESS UI/bgArtboard 27.png using Guid(1ba37af43c4904ef19390e750cd57dda) Importer(815301076,1909f56bfc062723c751e8b465ee728b)  -> (artifact id: '2227a7b788e044f9092ac7bab358e9b9') in 0.013785 seconds 
  Import took 0.021206 seconds .

========================================================================
Received Import Request.
  Time since last request: 0.000384 seconds.
  path: Assets/Beautiful Progress Bar Free - CYKO/PROGRESS UI/bgArtboard 24.png
  artifactKey: Guid(10725fadd69e24802bd736ccc64a1f27) Importer(815301076,1909f56bfc062723c751e8b465ee728b)
Start importing Assets/Beautiful Progress Bar Free - CYKO/PROGRESS UI/bgArtboard 24.png using Guid(10725fadd69e24802bd736ccc64a1f27) Importer(815301076,1909f56bfc062723c751e8b465ee728b)  -> (artifact id: '2b26ef6e9fd428fdae4dae53ddd41a4c') in 0.013949 seconds 
  Import took 0.023791 seconds .

========================================================================
Received Import Request.
  Time since last request: 0.000832 seconds.
  path: Assets/Beautiful Progress Bar Free - CYKO/PROGRESS UI/bgArtboard 41.png
  artifactKey: Guid(54166cd4ebe844d89a6fbe1048dde221) Importer(815301076,1909f56bfc062723c751e8b465ee728b)
Start importing Assets/Beautiful Progress Bar Free - CYKO/PROGRESS UI/bgArtboard 41.png using Guid(54166cd4ebe844d89a6fbe1048dde221) Importer(815301076,1909f56bfc062723c751e8b465ee728b)  -> (artifact id: 'ede45b18aa94f32428dc3e1163fcf742') in 0.014104 seconds 
  Import took 0.022246 seconds .

========================================================================
Received Import Request.
  Time since last request: 0.000424 seconds.
  path: Assets/Beautiful Progress Bar Free - CYKO/PROGRESS UI/bgArtboard 14.png
  artifactKey: Guid(bd822fe2366ff4c479740a6ea6329a95) Importer(815301076,1909f56bfc062723c751e8b465ee728b)
Start importing Assets/Beautiful Progress Bar Free - CYKO/PROGRESS UI/bgArtboard 14.png using Guid(bd822fe2366ff4c479740a6ea6329a95) Importer(815301076,1909f56bfc062723c751e8b465ee728b)  -> (artifact id: '2d112349480fd0842efdea33938f9275') in 0.016556 seconds 
  Import took 0.023755 seconds .

========================================================================
Received Import Request.
  Time since last request: 0.000474 seconds.
  path: Assets/Beautiful Progress Bar Free - CYKO/PROGRESS UI
  artifactKey: Guid(fcbf7a57e575944e8847f9ed5c5a5427) Importer(815301076,1909f56bfc062723c751e8b465ee728b)
Start importing Assets/Beautiful Progress Bar Free - CYKO/PROGRESS UI using Guid(fcbf7a57e575944e8847f9ed5c5a5427) Importer(815301076,1909f56bfc062723c751e8b465ee728b)  -> (artifact id: '1384c46f6027b2e9e15cc78b640fbf63') in 0.001169 seconds 
  Import took 0.008473 seconds .

========================================================================
Received Import Request.
  Time since last request: 0.000432 seconds.
  path: Assets/Beautiful Progress Bar Free - CYKO/PROGRESS UI/bgArtboard 35.png
  artifactKey: Guid(991591899a349418aa5296494a8ff3fc) Importer(815301076,1909f56bfc062723c751e8b465ee728b)
Start importing Assets/Beautiful Progress Bar Free - CYKO/PROGRESS UI/bgArtboard 35.png using Guid(991591899a349418aa5296494a8ff3fc) Importer(815301076,1909f56bfc062723c751e8b465ee728b)  -> (artifact id: 'fc12151d9ba3cb59b48cc84b7ceef422') in 0.018055 seconds 
  Import took 0.024205 seconds .

========================================================================
Received Import Request.
  Time since last request: 0.000349 seconds.
  path: Assets/Beautiful Progress Bar Free - CYKO/PROGRESS UI/bgArtboard 32.png
  artifactKey: Guid(ed36bd247342749da865b1fab6cd2650) Importer(815301076,1909f56bfc062723c751e8b465ee728b)
Start importing Assets/Beautiful Progress Bar Free - CYKO/PROGRESS UI/bgArtboard 32.png using Guid(ed36bd247342749da865b1fab6cd2650) Importer(815301076,1909f56bfc062723c751e8b465ee728b)  -> (artifact id: '5bdc68f0c81b0dd3d0bfc91db033fde8') in 0.014451 seconds 
  Import took 0.020874 seconds .

========================================================================
Received Import Request.
  Time since last request: 0.000385 seconds.
  path: Assets/Beautiful Progress Bar Free - CYKO/PROGRESS UI/bgArtboard 26.png
  artifactKey: Guid(9ccc3770b652045d28b4e270fe7f1063) Importer(815301076,1909f56bfc062723c751e8b465ee728b)
Start importing Assets/Beautiful Progress Bar Free - CYKO/PROGRESS UI/bgArtboard 26.png using Guid(9ccc3770b652045d28b4e270fe7f1063) Importer(815301076,1909f56bfc062723c751e8b465ee728b)  -> (artifact id: '9a8e507c1779b1983404f43663020f46') in 0.013347 seconds 
  Import took 0.019028 seconds .

========================================================================
Received Import Request.
  Time since last request: 0.000329 seconds.
  path: Assets/Beautiful Progress Bar Free - CYKO
  artifactKey: Guid(84ec145bb9af24fa087e482be7e4886d) Importer(815301076,1909f56bfc062723c751e8b465ee728b)
Start importing Assets/Beautiful Progress Bar Free - CYKO using Guid(84ec145bb9af24fa087e482be7e4886d) Importer(815301076,1909f56bfc062723c751e8b465ee728b)  -> (artifact id: '5e66d1ad63c546047ad7cd038d87357e') in 0.001196 seconds 
  Import took 0.006361 seconds .

========================================================================
Received Import Request.
  Time since last request: 0.000349 seconds.
  path: Assets/Beautiful Progress Bar Free - CYKO/PROGRESS UI/bgArtboard 45.png
  artifactKey: Guid(8f4461725bff34943aff06332c177415) Importer(815301076,1909f56bfc062723c751e8b465ee728b)
Start importing Assets/Beautiful Progress Bar Free - CYKO/PROGRESS UI/bgArtboard 45.png using Guid(8f4461725bff34943aff06332c177415) Importer(815301076,1909f56bfc062723c751e8b465ee728b)  -> (artifact id: 'b8aa8fafea4f354b47355a15d7742b0c') in 0.013600 seconds 
  Import took 0.018927 seconds .

========================================================================
Received Import Request.
  Time since last request: 0.000383 seconds.
  path: Assets/Beautiful Progress Bar Free - CYKO/PROGRESS UI/bgArtboard 28.png
  artifactKey: Guid(d805bfdd935b34ca282b122c888030d7) Importer(815301076,1909f56bfc062723c751e8b465ee728b)
Start importing Assets/Beautiful Progress Bar Free - CYKO/PROGRESS UI/bgArtboard 28.png using Guid(d805bfdd935b34ca282b122c888030d7) Importer(815301076,1909f56bfc062723c751e8b465ee728b)  -> (artifact id: '31c8bf00e734824cd1c2d4d0eea63214') in 0.012784 seconds 
  Import took 0.018211 seconds .

========================================================================
Received Import Request.
  Time since last request: 0.001128 seconds.
  path: Assets/Beautiful Progress Bar Free - CYKO/PROGRESS UI/bgArtboard 31.png
  artifactKey: Guid(ba339f00c0b6d4d8d9dd8f5304ea9eea) Importer(815301076,1909f56bfc062723c751e8b465ee728b)
Start importing Assets/Beautiful Progress Bar Free - CYKO/PROGRESS UI/bgArtboard 31.png using Guid(ba339f00c0b6d4d8d9dd8f5304ea9eea) Importer(815301076,1909f56bfc062723c751e8b465ee728b)  -> (artifact id: '8f91344194322241617ed2602dd054db') in 0.012363 seconds 
  Import took 0.017976 seconds .

========================================================================
Received Import Request.
  Time since last request: 0.000550 seconds.
  path: Assets/Beautiful Progress Bar Free - CYKO/PROGRESS UI/bgArtboard 34.png
  artifactKey: Guid(7a84da28438df4023bffb3c96d3ebe5b) Importer(815301076,1909f56bfc062723c751e8b465ee728b)
Start importing Assets/Beautiful Progress Bar Free - CYKO/PROGRESS UI/bgArtboard 34.png using Guid(7a84da28438df4023bffb3c96d3ebe5b) Importer(815301076,1909f56bfc062723c751e8b465ee728b)  -> (artifact id: '043c4a3113791b968d0c4452645de95c') in 0.012247 seconds 
  Import took 0.017842 seconds .

========================================================================
Received Import Request.
  Time since last request: 0.000601 seconds.
  path: Assets/Beautiful Progress Bar Free - CYKO/PROGRESS UI/bgArtboard 23.png
  artifactKey: Guid(b47fd4db63bf94c06b15f3f388675144) Importer(815301076,1909f56bfc062723c751e8b465ee728b)
Start importing Assets/Beautiful Progress Bar Free - CYKO/PROGRESS UI/bgArtboard 23.png using Guid(b47fd4db63bf94c06b15f3f388675144) Importer(815301076,1909f56bfc062723c751e8b465ee728b)  -> (artifact id: 'e809b89c3e41f7467efcfc8644455b17') in 0.012092 seconds 
  Import took 0.018730 seconds .

========================================================================
Received Import Request.
  Time since last request: 0.000360 seconds.
  path: Assets/Beautiful Progress Bar Free - CYKO/PROGRESS UI/bgArtboard 42.png
  artifactKey: Guid(b2e758a1418924497983686386e18670) Importer(815301076,1909f56bfc062723c751e8b465ee728b)
Start importing Assets/Beautiful Progress Bar Free - CYKO/PROGRESS UI/bgArtboard 42.png using Guid(b2e758a1418924497983686386e18670) Importer(815301076,1909f56bfc062723c751e8b465ee728b)  -> (artifact id: '10d9b4fb7654cea0008cf57c53e6b5e2') in 0.015568 seconds 
  Import took 0.022309 seconds .

========================================================================
Received Import Request.
  Time since last request: 0.000413 seconds.
  path: Assets/Beautiful Progress Bar Free - CYKO/PROGRESS UI/bgArtboard 39.png
  artifactKey: Guid(c745f69017b304c8b8730142416138bb) Importer(815301076,1909f56bfc062723c751e8b465ee728b)
Start importing Assets/Beautiful Progress Bar Free - CYKO/PROGRESS UI/bgArtboard 39.png using Guid(c745f69017b304c8b8730142416138bb) Importer(815301076,1909f56bfc062723c751e8b465ee728b)  -> (artifact id: '8df6421331b344c904075ad1e879d250') in 0.041782 seconds 
  Import took 0.052430 seconds .

========================================================================
Received Import Request.
  Time since last request: 0.031229 seconds.
  path: Assets/Beautiful Progress Bar Free - CYKO/PROGRESS UI/bgArtboard 43.png
  artifactKey: Guid(2fa92686878964789b9db224a1d07ff0) Importer(815301076,1909f56bfc062723c751e8b465ee728b)
Start importing Assets/Beautiful Progress Bar Free - CYKO/PROGRESS UI/bgArtboard 43.png using Guid(2fa92686878964789b9db224a1d07ff0) Importer(815301076,1909f56bfc062723c751e8b465ee728b)  -> (artifact id: '89d76e8476947e4f1db40b0a1d505cb2') in 0.052212 seconds 
  Import took 0.060673 seconds .

========================================================================
Received Import Request.
  Time since last request: 0.012727 seconds.
  path: Assets/Beautiful Progress Bar Free - CYKO/Prefabs
  artifactKey: Guid(6efbf95f7a6494cce910347e6da4650e) Importer(815301076,1909f56bfc062723c751e8b465ee728b)
Start importing Assets/Beautiful Progress Bar Free - CYKO/Prefabs using Guid(6efbf95f7a6494cce910347e6da4650e) Importer(815301076,1909f56bfc062723c751e8b465ee728b)  -> (artifact id: 'fa61058737ef5c4497140dcdb721e561') in 0.012728 seconds 
  Import took 0.024697 seconds .

========================================================================
Received Import Request.
  Time since last request: 0.002185 seconds.
  path: Assets/Beautiful Progress Bar Free - CYKO/PROGRESS UI/bgArtboard 29.png
  artifactKey: Guid(07221909247fa4eb09dcc45e6316a8ce) Importer(815301076,1909f56bfc062723c751e8b465ee728b)
Start importing Assets/Beautiful Progress Bar Free - CYKO/PROGRESS UI/bgArtboard 29.png using Guid(07221909247fa4eb09dcc45e6316a8ce) Importer(815301076,1909f56bfc062723c751e8b465ee728b)  -> (artifact id: '4205f9dace59c3fa2fa4416a2144a126') in 0.034937 seconds 
  Import took 0.044609 seconds .

========================================================================
Received Import Request.
  Time since last request: 0.048382 seconds.
  path: Assets/Beautiful Progress Bar Free - CYKO/PROGRESS UI/bgArtboard 13.png
  artifactKey: Guid(366ae973f8f1141efac97c6186c6bff4) Importer(815301076,1909f56bfc062723c751e8b465ee728b)
Start importing Assets/Beautiful Progress Bar Free - CYKO/PROGRESS UI/bgArtboard 13.png using Guid(366ae973f8f1141efac97c6186c6bff4) Importer(815301076,1909f56bfc062723c751e8b465ee728b)  -> (artifact id: 'f40b773eeeb20f42160403b339aee337') in 0.084597 seconds 
  Import took 0.112842 seconds .

========================================================================
Received Import Request.
  Time since last request: 0.002419 seconds.
  path: Assets/Beautiful Progress Bar Free - CYKO/Scenes
  artifactKey: Guid(2c8efd9d0f2654d18a296adf90722a7f) Importer(815301076,1909f56bfc062723c751e8b465ee728b)
Start importing Assets/Beautiful Progress Bar Free - CYKO/Scenes using Guid(2c8efd9d0f2654d18a296adf90722a7f) Importer(815301076,1909f56bfc062723c751e8b465ee728b)  -> (artifact id: 'a3fea4855a35e15a6d85195acfafc198') in 0.002941 seconds 
  Import took 0.050151 seconds .

========================================================================
Received Import Request.
  Time since last request: 0.000575 seconds.
  path: Assets/Beautiful Progress Bar Free - CYKO/PROGRESS UI/bgArtboard 25.png
  artifactKey: Guid(4eb181a1475ba4975a040865b40948c2) Importer(815301076,1909f56bfc062723c751e8b465ee728b)
Start importing Assets/Beautiful Progress Bar Free - CYKO/PROGRESS UI/bgArtboard 25.png using Guid(4eb181a1475ba4975a040865b40948c2) Importer(815301076,1909f56bfc062723c751e8b465ee728b)  -> (artifact id: 'ec8a533bd236e70de6bea3b7734b7e68') in 0.037587 seconds 
  Import took 0.053607 seconds .

========================================================================
Received Import Request.
  Time since last request: 0.003887 seconds.
  path: Assets/Beautiful Progress Bar Free - CYKO/PROGRESS UI/bgArtboard 40.png
  artifactKey: Guid(1908c45859d4044cc95a4a8dee62d532) Importer(815301076,1909f56bfc062723c751e8b465ee728b)
Start importing Assets/Beautiful Progress Bar Free - CYKO/PROGRESS UI/bgArtboard 40.png using Guid(1908c45859d4044cc95a4a8dee62d532) Importer(815301076,1909f56bfc062723c751e8b465ee728b)  -> (artifact id: '55894d420870636d5f105deecaf54185') in 0.045593 seconds 
  Import took 0.055317 seconds .

========================================================================
Received Import Request.
  Time since last request: 0.000446 seconds.
  path: Assets/Beautiful Progress Bar Free - CYKO/PROGRESS UI/bgArtboard 30.png
  artifactKey: Guid(264504b4239034938bc38bf33b3bde94) Importer(815301076,1909f56bfc062723c751e8b465ee728b)
Start importing Assets/Beautiful Progress Bar Free - CYKO/PROGRESS UI/bgArtboard 30.png using Guid(264504b4239034938bc38bf33b3bde94) Importer(815301076,1909f56bfc062723c751e8b465ee728b)  -> (artifact id: 'e96ef243dc956bb0e0153e7188809313') in 0.063236 seconds 
  Import took 0.116658 seconds .

========================================================================
Received Import Request.
  Time since last request: 0.017941 seconds.
  path: Assets/Beautiful Progress Bar Free - CYKO/PROGRESS UI/bgArtboard 12.png
  artifactKey: Guid(269491d773faa4b78aa9c1d4c6a1a897) Importer(815301076,1909f56bfc062723c751e8b465ee728b)
Start importing Assets/Beautiful Progress Bar Free - CYKO/PROGRESS UI/bgArtboard 12.png using Guid(269491d773faa4b78aa9c1d4c6a1a897) Importer(815301076,1909f56bfc062723c751e8b465ee728b)  -> (artifact id: '1a9dbf04f5118b2fc6a4063bdcca3e99') in 0.059598 seconds 
  Import took 0.081908 seconds .

========================================================================
Received Import Request.
  Time since last request: 0.000414 seconds.
  path: Assets/Beautiful Progress Bar Free - CYKO/PROGRESS UI/bgArtboard 37.png
  artifactKey: Guid(81729a213ccce424b8310109ddf1c54f) Importer(815301076,1909f56bfc062723c751e8b465ee728b)
Start importing Assets/Beautiful Progress Bar Free - CYKO/PROGRESS UI/bgArtboard 37.png using Guid(81729a213ccce424b8310109ddf1c54f) Importer(815301076,1909f56bfc062723c751e8b465ee728b)  -> (artifact id: 'f73b53203a8ad8704b7f38788a56fe4b') in 0.040180 seconds 
  Import took 0.058892 seconds .

========================================================================
Received Import Request.
  Time since last request: 143.764536 seconds.
  path: Assets/Beautiful Progress Bar Free - CYKO/PROGRESS UI/bgArtboard 16.png
  artifactKey: Guid(bbe9a3f4ac90044af84ac836bcb9b802) Importer(815301076,1909f56bfc062723c751e8b465ee728b)
Start importing Assets/Beautiful Progress Bar Free - CYKO/PROGRESS UI/bgArtboard 16.png using Guid(bbe9a3f4ac90044af84ac836bcb9b802) Importer(815301076,1909f56bfc062723c751e8b465ee728b)  -> (artifact id: 'eaeee21b6d0242b6bebde2ccbdc8f962') in 0.052197 seconds 
  Import took 0.058350 seconds .

========================================================================
Received Import Request.
  Time since last request: 0.394142 seconds.
  path: Assets/Beautiful Progress Bar Free - CYKO/PROGRESS UI/bgArtboard 15.png
  artifactKey: Guid(c1d124fb86fcc4ab68a16d67cf980633) Importer(815301076,1909f56bfc062723c751e8b465ee728b)
Start importing Assets/Beautiful Progress Bar Free - CYKO/PROGRESS UI/bgArtboard 15.png using Guid(c1d124fb86fcc4ab68a16d67cf980633) Importer(815301076,1909f56bfc062723c751e8b465ee728b)  -> (artifact id: '1c47a08198f99b17cb4ee7f42a546ae7') in 0.032471 seconds 
  Import took 0.045818 seconds .

========================================================================
Received Import Request.
  Time since last request: 3.449836 seconds.
  path: Assets/Beautiful Progress Bar Free - CYKO/PROGRESS UI/bgArtboard 17.png
  artifactKey: Guid(5f8d6c803befb44bc89c118436018629) Importer(815301076,1909f56bfc062723c751e8b465ee728b)
Start importing Assets/Beautiful Progress Bar Free - CYKO/PROGRESS UI/bgArtboard 17.png using Guid(5f8d6c803befb44bc89c118436018629) Importer(815301076,1909f56bfc062723c751e8b465ee728b)  -> (artifact id: 'd43f50cc1cc7eeac485c4a53301b4633') in 0.028711 seconds 
  Import took 0.044599 seconds .

========================================================================
Received Import Request.
  Time since last request: 0.328684 seconds.
  path: Assets/Beautiful Progress Bar Free - CYKO/PROGRESS UI/bgArtboard 18.png
  artifactKey: Guid(47c23340812b24864af395feca4c3a9d) Importer(815301076,1909f56bfc062723c751e8b465ee728b)
Start importing Assets/Beautiful Progress Bar Free - CYKO/PROGRESS UI/bgArtboard 18.png using Guid(47c23340812b24864af395feca4c3a9d) Importer(815301076,1909f56bfc062723c751e8b465ee728b)  -> (artifact id: 'ef0852382e769f0f5ad98b8b802e7cb6') in 0.031638 seconds 
  Import took 0.044226 seconds .

========================================================================
Received Import Request.
  Time since last request: 0.166976 seconds.
  path: Assets/Beautiful Progress Bar Free - CYKO/PROGRESS UI/bgArtboard 19.png
  artifactKey: Guid(621bab10a94aa402db2ed03ef602338e) Importer(815301076,1909f56bfc062723c751e8b465ee728b)
Start importing Assets/Beautiful Progress Bar Free - CYKO/PROGRESS UI/bgArtboard 19.png using Guid(621bab10a94aa402db2ed03ef602338e) Importer(815301076,1909f56bfc062723c751e8b465ee728b)  -> (artifact id: 'b265e05ee06b69d78d68d428138a8374') in 0.034669 seconds 
  Import took 0.047789 seconds .

========================================================================
Received Import Request.
  Time since last request: 0.393459 seconds.
  path: Assets/Beautiful Progress Bar Free - CYKO/PROGRESS UI/bgArtboard 20.png
  artifactKey: Guid(9a7c20816c5ab45cc9d51d2c91e69fd7) Importer(815301076,1909f56bfc062723c751e8b465ee728b)
Start importing Assets/Beautiful Progress Bar Free - CYKO/PROGRESS UI/bgArtboard 20.png using Guid(9a7c20816c5ab45cc9d51d2c91e69fd7) Importer(815301076,1909f56bfc062723c751e8b465ee728b)  -> (artifact id: '8ac284f46b45da01e08c4e226ac749a3') in 0.026737 seconds 
  Import took 0.035783 seconds .

========================================================================
Received Import Request.
  Time since last request: 0.134427 seconds.
  path: Assets/Beautiful Progress Bar Free - CYKO/PROGRESS UI/bgArtboard 21.png
  artifactKey: Guid(b0dfaa4151f07448e8a666cb8109f323) Importer(815301076,1909f56bfc062723c751e8b465ee728b)
Start importing Assets/Beautiful Progress Bar Free - CYKO/PROGRESS UI/bgArtboard 21.png using Guid(b0dfaa4151f07448e8a666cb8109f323) Importer(815301076,1909f56bfc062723c751e8b465ee728b)  -> (artifact id: 'a484614842ac7aa853e141e645b434a0') in 0.031303 seconds 
  Import took 0.049666 seconds .

========================================================================
Received Import Request.
  Time since last request: 66.416303 seconds.
  path: Assets/Beautiful Progress Bar Free - CYKO/PROGRESS UI/bgArtboard 28.png
  artifactKey: Guid(d805bfdd935b34ca282b122c888030d7) Importer(815301076,1909f56bfc062723c751e8b465ee728b)
Start importing Assets/Beautiful Progress Bar Free - CYKO/PROGRESS UI/bgArtboard 28.png using Guid(d805bfdd935b34ca282b122c888030d7) Importer(815301076,1909f56bfc062723c751e8b465ee728b)  -> (artifact id: 'b9bf379e9366a5e7afea8004a7462f99') in 0.234152 seconds 
  Import took 0.281122 seconds .

========================================================================
Received Import Request.
  Time since last request: 157.032652 seconds.
  path: Assets/Beautiful Progress Bar Free - CYKO/PROGRESS UI/bgArtboard 32.png
  artifactKey: Guid(ed36bd247342749da865b1fab6cd2650) Importer(815301076,1909f56bfc062723c751e8b465ee728b)
Start importing Assets/Beautiful Progress Bar Free - CYKO/PROGRESS UI/bgArtboard 32.png using Guid(ed36bd247342749da865b1fab6cd2650) Importer(815301076,1909f56bfc062723c751e8b465ee728b)  -> (artifact id: '1df6bc8b0e060f8acf10baf2f2d464fb') in 0.095559 seconds 
  Import took 0.104890 seconds .

========================================================================
Received Prepare
Registering precompiled user dll's ...
Registered in 0.011033 seconds.
Begin MonoManager ReloadAssembly
Native extension for WindowsStandalone target not found
Native extension for OSXStandalone target not found
Native extension for WebGL target not found
Refreshing native plugins compatible for Editor in 0.58 ms, found 3 plugins.
Preloading 0 native plugins for Editor in 0.00 ms.
Mono: successfully reloaded assembly
- Completed reload, in  2.111 seconds
Domain Reload Profiling:
	ReloadAssembly (2116ms)
		BeginReloadAssembly (390ms)
			ExecutionOrderSort (0ms)
			DisableScriptedObjects (37ms)
			BackupInstance (0ms)
			ReleaseScriptingObjects (0ms)
			CreateAndSetChildDomain (223ms)
		EndReloadAssembly (1621ms)
			LoadAssemblies (214ms)
			RebuildTransferFunctionScriptingTraits (0ms)
			SetupTypeCache (614ms)
			ReleaseScriptCaches (1ms)
			RebuildScriptCaches (77ms)
			SetupLoadedEditorAssemblies (533ms)
				LogAssemblyErrors (0ms)
				InitializePlatformSupportModulesInManaged (10ms)
				SetLoadedEditorAssemblies (1ms)
				RefreshPlugins (1ms)
				BeforeProcessingInitializeOnLoad (189ms)
				ProcessInitializeOnLoadAttributes (311ms)
				ProcessInitializeOnLoadMethodAttributes (19ms)
				AfterProcessingInitializeOnLoad (3ms)
				EditorAssembliesLoaded (1ms)
			ExecutionOrderSort2 (0ms)
			AwakeInstancesAfterBackupRestoration (14ms)
Platform modules already initialized, skipping
Switching build target platform(2) subTarget(0) extendedPlatform(0) -> platform(9) subTarget(16777218) extendedPlatform(0)
Refreshing native plugins compatible for Editor in 0.57 ms, found 3 plugins.
Preloading 0 native plugins for Editor in 0.00 ms.
Unloading 2188 Unused Serialized files (Serialized files now loaded: 0)
System memory in use before: 281.0 MB.
System memory in use after: 281.2 MB.

Unloading 18 unused Assets to reduce memory usage. Loaded Objects now: 2685.
Total: 4.717129 ms (FindLiveObjects: 0.337645 ms CreateObjectMapping: 0.097156 ms MarkObjects: 4.255076 ms  DeleteObjects: 0.024239 ms)

AssetImportParameters requested are different than current active one (requested -> active):
  custom:video-decoder-ogg-theora: a1e56fd34408186e4bbccfd4996cb3dc -> 
  custom:container-muxer-webm: aa71ff27fc2769a1b78a27578f13a17b -> 
  custom:container-demuxer-webm: 4f35f7cbe854078d1ac9338744f61a02 -> 
  custom:container-demuxer-ogg: 62fdf1f143b41e24485cea50d1cbac27 -> 
  custom:video-encoder-webm-vp8: eb34c28f22e8b96e1ab97ce403110664 -> 
  custom:framework-osx-AVFoundation: e770b220cccbd017edd2c1fefb359320 -> 
  custom:video-decoder-webm-vp8: 9c59270c3fd7afecdb556c50c9e8de78 -> 
  custom:graphics/normal-map-encoding: 01000000000000000000000000000000 -> 02000000000000000000000000000000
  custom:audio-decoder-ogg-vorbis: bf7c407c2cedff20999df2af8eb42d56 -> 
  custom:audio-encoder-webm-vorbis: bf7c407c2cedff20999df2af8eb42d56 -> 
========================================================================
Received Prepare
Registering precompiled user dll's ...
Registered in 0.009032 seconds.
Begin MonoManager ReloadAssembly
Native extension for WindowsStandalone target not found
Native extension for OSXStandalone target not found
Native extension for WebGL target not found
Refreshing native plugins compatible for Editor in 1.95 ms, found 3 plugins.
Preloading 0 native plugins for Editor in 0.00 ms.
Mono: successfully reloaded assembly
- Completed reload, in  2.163 seconds
Domain Reload Profiling:
	ReloadAssembly (2164ms)
		BeginReloadAssembly (260ms)
			ExecutionOrderSort (0ms)
			DisableScriptedObjects (13ms)
			BackupInstance (0ms)
			ReleaseScriptingObjects (0ms)
			CreateAndSetChildDomain (128ms)
		EndReloadAssembly (1717ms)
			LoadAssemblies (222ms)
			RebuildTransferFunctionScriptingTraits (0ms)
			SetupTypeCache (675ms)
			ReleaseScriptCaches (1ms)
			RebuildScriptCaches (76ms)
			SetupLoadedEditorAssemblies (554ms)
				LogAssemblyErrors (0ms)
				InitializePlatformSupportModulesInManaged (14ms)
				SetLoadedEditorAssemblies (3ms)
				RefreshPlugins (2ms)
				BeforeProcessingInitializeOnLoad (188ms)
				ProcessInitializeOnLoadAttributes (326ms)
				ProcessInitializeOnLoadMethodAttributes (19ms)
				AfterProcessingInitializeOnLoad (2ms)
				EditorAssembliesLoaded (0ms)
			ExecutionOrderSort2 (0ms)
			AwakeInstancesAfterBackupRestoration (14ms)
Platform modules already initialized, skipping
Switching build target platform(2) subTarget(0) extendedPlatform(0) -> platform(9) subTarget(16777218) extendedPlatform(0)
Refreshing native plugins compatible for Editor in 1.30 ms, found 3 plugins.
Preloading 0 native plugins for Editor in 0.00 ms.
Unloading 2188 Unused Serialized files (Serialized files now loaded: 0)
System memory in use before: 281.3 MB.
System memory in use after: 281.4 MB.

Unloading 17 unused Assets to reduce memory usage. Loaded Objects now: 2687.
Total: 5.088350 ms (FindLiveObjects: 0.373874 ms CreateObjectMapping: 0.229883 ms MarkObjects: 4.446503 ms  DeleteObjects: 0.036657 ms)

AssetImportParameters requested are different than current active one (requested -> active):
  custom:video-decoder-ogg-theora: a1e56fd34408186e4bbccfd4996cb3dc -> 
  custom:container-muxer-webm: aa71ff27fc2769a1b78a27578f13a17b -> 
  custom:container-demuxer-webm: 4f35f7cbe854078d1ac9338744f61a02 -> 
  custom:container-demuxer-ogg: 62fdf1f143b41e24485cea50d1cbac27 -> 
  custom:video-encoder-webm-vp8: eb34c28f22e8b96e1ab97ce403110664 -> 
  custom:framework-osx-AVFoundation: e770b220cccbd017edd2c1fefb359320 -> 
  custom:video-decoder-webm-vp8: 9c59270c3fd7afecdb556c50c9e8de78 -> 
  custom:graphics/normal-map-encoding: 01000000000000000000000000000000 -> 02000000000000000000000000000000
  custom:audio-decoder-ogg-vorbis: bf7c407c2cedff20999df2af8eb42d56 -> 
  custom:audio-encoder-webm-vorbis: bf7c407c2cedff20999df2af8eb42d56 -> 
========================================================================
Received Prepare
Registering precompiled user dll's ...
Registered in 0.006982 seconds.
Begin MonoManager ReloadAssembly
Native extension for WindowsStandalone target not found
Native extension for OSXStandalone target not found
Native extension for WebGL target not found
Refreshing native plugins compatible for Editor in 0.63 ms, found 3 plugins.
Preloading 0 native plugins for Editor in 0.00 ms.
Mono: successfully reloaded assembly
- Completed reload, in  2.011 seconds
Domain Reload Profiling:
	ReloadAssembly (2012ms)
		BeginReloadAssembly (206ms)
			ExecutionOrderSort (0ms)
			DisableScriptedObjects (10ms)
			BackupInstance (0ms)
			ReleaseScriptingObjects (0ms)
			CreateAndSetChildDomain (107ms)
		EndReloadAssembly (1699ms)
			LoadAssemblies (192ms)
			RebuildTransferFunctionScriptingTraits (0ms)
			SetupTypeCache (626ms)
			ReleaseScriptCaches (1ms)
			RebuildScriptCaches (84ms)
			SetupLoadedEditorAssemblies (599ms)
				LogAssemblyErrors (0ms)
				InitializePlatformSupportModulesInManaged (10ms)
				SetLoadedEditorAssemblies (1ms)
				RefreshPlugins (1ms)
				BeforeProcessingInitializeOnLoad (195ms)
				ProcessInitializeOnLoadAttributes (372ms)
				ProcessInitializeOnLoadMethodAttributes (19ms)
				AfterProcessingInitializeOnLoad (2ms)
				EditorAssembliesLoaded (0ms)
			ExecutionOrderSort2 (0ms)
			AwakeInstancesAfterBackupRestoration (14ms)
Platform modules already initialized, skipping
Switching build target platform(2) subTarget(0) extendedPlatform(0) -> platform(9) subTarget(16777218) extendedPlatform(0)
Refreshing native plugins compatible for Editor in 0.69 ms, found 3 plugins.
Preloading 0 native plugins for Editor in 0.00 ms.
Unloading 2188 Unused Serialized files (Serialized files now loaded: 0)
System memory in use before: 281.5 MB.
System memory in use after: 281.6 MB.

Unloading 17 unused Assets to reduce memory usage. Loaded Objects now: 2689.
Total: 4.082744 ms (FindLiveObjects: 0.252508 ms CreateObjectMapping: 0.106644 ms MarkObjects: 3.700098 ms  DeleteObjects: 0.022428 ms)

AssetImportParameters requested are different than current active one (requested -> active):
  custom:video-decoder-ogg-theora: a1e56fd34408186e4bbccfd4996cb3dc -> 
  custom:container-muxer-webm: aa71ff27fc2769a1b78a27578f13a17b -> 
  custom:container-demuxer-webm: 4f35f7cbe854078d1ac9338744f61a02 -> 
  custom:container-demuxer-ogg: 62fdf1f143b41e24485cea50d1cbac27 -> 
  custom:video-encoder-webm-vp8: eb34c28f22e8b96e1ab97ce403110664 -> 
  custom:framework-osx-AVFoundation: e770b220cccbd017edd2c1fefb359320 -> 
  custom:video-decoder-webm-vp8: 9c59270c3fd7afecdb556c50c9e8de78 -> 
  custom:graphics/normal-map-encoding: 01000000000000000000000000000000 -> 02000000000000000000000000000000
  custom:audio-decoder-ogg-vorbis: bf7c407c2cedff20999df2af8eb42d56 -> 
  custom:audio-encoder-webm-vorbis: bf7c407c2cedff20999df2af8eb42d56 -> 
========================================================================
Received Prepare
Registering precompiled user dll's ...
Registered in 0.006858 seconds.
Begin MonoManager ReloadAssembly
Native extension for WindowsStandalone target not found
Native extension for OSXStandalone target not found
Native extension for WebGL target not found
Refreshing native plugins compatible for Editor in 0.76 ms, found 3 plugins.
Preloading 0 native plugins for Editor in 0.00 ms.
Mono: successfully reloaded assembly
- Completed reload, in  4.061 seconds
Domain Reload Profiling:
	ReloadAssembly (4070ms)
		BeginReloadAssembly (769ms)
			ExecutionOrderSort (0ms)
			DisableScriptedObjects (53ms)
			BackupInstance (0ms)
			ReleaseScriptingObjects (1ms)
			CreateAndSetChildDomain (487ms)
		EndReloadAssembly (3134ms)
			LoadAssemblies (372ms)
			RebuildTransferFunctionScriptingTraits (0ms)
			SetupTypeCache (1291ms)
			ReleaseScriptCaches (3ms)
			RebuildScriptCaches (214ms)
			SetupLoadedEditorAssemblies (903ms)
				LogAssemblyErrors (0ms)
				InitializePlatformSupportModulesInManaged (24ms)
				SetLoadedEditorAssemblies (1ms)
				RefreshPlugins (1ms)
				BeforeProcessingInitializeOnLoad (407ms)
				ProcessInitializeOnLoadAttributes (452ms)
				ProcessInitializeOnLoadMethodAttributes (16ms)
				AfterProcessingInitializeOnLoad (2ms)
				EditorAssembliesLoaded (0ms)
			ExecutionOrderSort2 (0ms)
			AwakeInstancesAfterBackupRestoration (17ms)
Platform modules already initialized, skipping
Switching build target platform(2) subTarget(0) extendedPlatform(0) -> platform(9) subTarget(16777218) extendedPlatform(0)
Refreshing native plugins compatible for Editor in 1.91 ms, found 3 plugins.
Preloading 0 native plugins for Editor in 0.00 ms.
Unloading 2188 Unused Serialized files (Serialized files now loaded: 0)
System memory in use before: 281.7 MB.
System memory in use after: 281.8 MB.

Unloading 17 unused Assets to reduce memory usage. Loaded Objects now: 2691.
Total: 4.646688 ms (FindLiveObjects: 0.334749 ms CreateObjectMapping: 0.091891 ms MarkObjects: 4.173833 ms  DeleteObjects: 0.044481 ms)

AssetImportParameters requested are different than current active one (requested -> active):
  custom:video-decoder-ogg-theora: a1e56fd34408186e4bbccfd4996cb3dc -> 
  custom:container-muxer-webm: aa71ff27fc2769a1b78a27578f13a17b -> 
  custom:container-demuxer-webm: 4f35f7cbe854078d1ac9338744f61a02 -> 
  custom:container-demuxer-ogg: 62fdf1f143b41e24485cea50d1cbac27 -> 
  custom:video-encoder-webm-vp8: eb34c28f22e8b96e1ab97ce403110664 -> 
  custom:framework-osx-AVFoundation: e770b220cccbd017edd2c1fefb359320 -> 
  custom:video-decoder-webm-vp8: 9c59270c3fd7afecdb556c50c9e8de78 -> 
  custom:graphics/normal-map-encoding: 01000000000000000000000000000000 -> 02000000000000000000000000000000
  custom:audio-decoder-ogg-vorbis: bf7c407c2cedff20999df2af8eb42d56 -> 
  custom:audio-encoder-webm-vorbis: bf7c407c2cedff20999df2af8eb42d56 -> 
========================================================================
Received Import Request.
  Time since last request: 1321.724981 seconds.
  path: Assets/Graphics/AttackImages/003.png
  artifactKey: Guid(945d9cc74fabf49729606c6003a76569) Importer(815301076,1909f56bfc062723c751e8b465ee728b)
Start importing Assets/Graphics/AttackImages/003.png using Guid(945d9cc74fabf49729606c6003a76569) Importer(815301076,1909f56bfc062723c751e8b465ee728b)  -> (artifact id: 'c27391ef74150a3eba3b9f54be64f822') in 0.235595 seconds 
  Import took 0.247814 seconds .

========================================================================
Received Import Request.
  Time since last request: 0.000401 seconds.
  path: Assets/Graphics/AttackImages/005.png
  artifactKey: Guid(04d63f1f55da2424f8e6f1913a822aff) Importer(815301076,1909f56bfc062723c751e8b465ee728b)
Start importing Assets/Graphics/AttackImages/005.png using Guid(04d63f1f55da2424f8e6f1913a822aff) Importer(815301076,1909f56bfc062723c751e8b465ee728b)  -> (artifact id: '402b7014f270aa2dfb8d47b7229336a0') in 0.050536 seconds 
  Import took 0.068527 seconds .

========================================================================
Received Import Request.
  Time since last request: 0.004480 seconds.
  path: Assets/Graphics/AttackImages/007.png
  artifactKey: Guid(f9d107780fc514cf29fc8903efa2ac6d) Importer(815301076,1909f56bfc062723c751e8b465ee728b)
Start importing Assets/Graphics/AttackImages/007.png using Guid(f9d107780fc514cf29fc8903efa2ac6d) Importer(815301076,1909f56bfc062723c751e8b465ee728b)  -> (artifact id: '5f31f86c587073d80511638993ef14ad') in 0.072162 seconds 
  Import took 0.082305 seconds .

========================================================================
Received Import Request.
  Time since last request: 0.000399 seconds.
  path: Assets/Graphics/AttackImages/006.png
  artifactKey: Guid(4130a0b2cd3f54411b9db4954ef0396e) Importer(815301076,1909f56bfc062723c751e8b465ee728b)
Start importing Assets/Graphics/AttackImages/006.png using Guid(4130a0b2cd3f54411b9db4954ef0396e) Importer(815301076,1909f56bfc062723c751e8b465ee728b)  -> (artifact id: 'b0d2a97b4c57a45e70277be99e4a0997') in 0.075591 seconds 
  Import took 0.087018 seconds .

========================================================================
Received Prepare
Registering precompiled user dll's ...
Registered in 0.004316 seconds.
Begin MonoManager ReloadAssembly
Native extension for WindowsStandalone target not found
Native extension for OSXStandalone target not found
Native extension for WebGL target not found
Refreshing native plugins compatible for Editor in 0.67 ms, found 3 plugins.
Preloading 0 native plugins for Editor in 0.00 ms.
Mono: successfully reloaded assembly
- Completed reload, in  2.542 seconds
Domain Reload Profiling:
	ReloadAssembly (2544ms)
		BeginReloadAssembly (350ms)
			ExecutionOrderSort (0ms)
			DisableScriptedObjects (18ms)
			BackupInstance (0ms)
			ReleaseScriptingObjects (0ms)
			CreateAndSetChildDomain (216ms)
		EndReloadAssembly (2012ms)
			LoadAssemblies (199ms)
			RebuildTransferFunctionScriptingTraits (0ms)
			SetupTypeCache (693ms)
			ReleaseScriptCaches (2ms)
			RebuildScriptCaches (184ms)
			SetupLoadedEditorAssemblies (693ms)
				LogAssemblyErrors (0ms)
				InitializePlatformSupportModulesInManaged (10ms)
				SetLoadedEditorAssemblies (1ms)
				RefreshPlugins (1ms)
				BeforeProcessingInitializeOnLoad (229ms)
				ProcessInitializeOnLoadAttributes (432ms)
				ProcessInitializeOnLoadMethodAttributes (18ms)
				AfterProcessingInitializeOnLoad (2ms)
				EditorAssembliesLoaded (0ms)
			ExecutionOrderSort2 (0ms)
			AwakeInstancesAfterBackupRestoration (19ms)
Platform modules already initialized, skipping
Switching build target platform(2) subTarget(0) extendedPlatform(0) -> platform(9) subTarget(16777218) extendedPlatform(0)
Refreshing native plugins compatible for Editor in 0.61 ms, found 3 plugins.
Preloading 0 native plugins for Editor in 0.00 ms.
Unloading 2188 Unused Serialized files (Serialized files now loaded: 0)
System memory in use before: 281.9 MB.
System memory in use after: 282.1 MB.

Unloading 17 unused Assets to reduce memory usage. Loaded Objects now: 2696.
Total: 5.748248 ms (FindLiveObjects: 1.402880 ms CreateObjectMapping: 0.354635 ms MarkObjects: 3.908379 ms  DeleteObjects: 0.080991 ms)

AssetImportParameters requested are different than current active one (requested -> active):
  custom:video-decoder-ogg-theora: a1e56fd34408186e4bbccfd4996cb3dc -> 
  custom:container-muxer-webm: aa71ff27fc2769a1b78a27578f13a17b -> 
  custom:container-demuxer-webm: 4f35f7cbe854078d1ac9338744f61a02 -> 
  custom:container-demuxer-ogg: 62fdf1f143b41e24485cea50d1cbac27 -> 
  custom:video-encoder-webm-vp8: eb34c28f22e8b96e1ab97ce403110664 -> 
  custom:framework-osx-AVFoundation: e770b220cccbd017edd2c1fefb359320 -> 
  custom:video-decoder-webm-vp8: 9c59270c3fd7afecdb556c50c9e8de78 -> 
  custom:graphics/normal-map-encoding: 01000000000000000000000000000000 -> 02000000000000000000000000000000
  custom:audio-decoder-ogg-vorbis: bf7c407c2cedff20999df2af8eb42d56 -> 
  custom:audio-encoder-webm-vorbis: bf7c407c2cedff20999df2af8eb42d56 -> 
========================================================================
Received Import Request.
  Time since last request: 221.171549 seconds.
  path: Assets/Beautiful Progress Bar Free - CYKO/PROGRESS UI/bgArtboard 46.png
  artifactKey: Guid(fc1d707607d8245fea78c6010b642e84) Importer(815301076,1909f56bfc062723c751e8b465ee728b)
Start importing Assets/Beautiful Progress Bar Free - CYKO/PROGRESS UI/bgArtboard 46.png using Guid(fc1d707607d8245fea78c6010b642e84) Importer(815301076,1909f56bfc062723c751e8b465ee728b)  -> (artifact id: '30479af9a2f6e95048a3133ff343a304') in 0.129305 seconds 
  Import took 0.137032 seconds .

========================================================================
Received Import Request.
  Time since last request: 0.081082 seconds.
  path: Assets/Beautiful Progress Bar Free - CYKO/PROGRESS UI/bgArtboard 47.png
  artifactKey: Guid(9c6f9d49fa3ba4c60b5e69dc9a1a244d) Importer(815301076,1909f56bfc062723c751e8b465ee728b)
Start importing Assets/Beautiful Progress Bar Free - CYKO/PROGRESS UI/bgArtboard 47.png using Guid(9c6f9d49fa3ba4c60b5e69dc9a1a244d) Importer(815301076,1909f56bfc062723c751e8b465ee728b)  -> (artifact id: 'dc754f6ddf41cd51b82e1f73fc64b1dd') in 0.051234 seconds 
  Import took 0.059935 seconds .

========================================================================
Received Import Request.
  Time since last request: 0.131147 seconds.
  path: Assets/Beautiful Progress Bar Free - CYKO/PROGRESS UI/bgArtboard 48.png
  artifactKey: Guid(eeea7cc2ad5aa4700bccaf811790a8bc) Importer(815301076,1909f56bfc062723c751e8b465ee728b)
Start importing Assets/Beautiful Progress Bar Free - CYKO/PROGRESS UI/bgArtboard 48.png using Guid(eeea7cc2ad5aa4700bccaf811790a8bc) Importer(815301076,1909f56bfc062723c751e8b465ee728b)  -> (artifact id: '46fd6281f347b5eb905bd221eb857e63') in 0.029717 seconds 
  Import took 0.042616 seconds .

========================================================================
Received Import Request.
  Time since last request: 0.083521 seconds.
  path: Assets/Beautiful Progress Bar Free - CYKO/PROGRESS UI/bgArtboard 49.png
  artifactKey: Guid(c9df77896e4114340969950f5407c7cc) Importer(815301076,1909f56bfc062723c751e8b465ee728b)
Start importing Assets/Beautiful Progress Bar Free - CYKO/PROGRESS UI/bgArtboard 49.png using Guid(c9df77896e4114340969950f5407c7cc) Importer(815301076,1909f56bfc062723c751e8b465ee728b)  -> (artifact id: '5d42178103ccbd55a0093ebdc2fe0523') in 0.029899 seconds 
  Import took 0.045992 seconds .

========================================================================
Received Import Request.
  Time since last request: 0.125264 seconds.
  path: Assets/Beautiful Progress Bar Free - CYKO/PROGRESS UI/bgArtboard 50.png
  artifactKey: Guid(2cf8a98f9c05b47df8819a7cb9acf209) Importer(815301076,1909f56bfc062723c751e8b465ee728b)
Start importing Assets/Beautiful Progress Bar Free - CYKO/PROGRESS UI/bgArtboard 50.png using Guid(2cf8a98f9c05b47df8819a7cb9acf209) Importer(815301076,1909f56bfc062723c751e8b465ee728b)  -> (artifact id: '30344859cd14c4e386a557df62a53d9e') in 0.032625 seconds 
  Import took 0.047847 seconds .

========================================================================
Received Import Request.
  Time since last request: 0.132497 seconds.
  path: Assets/Beautiful Progress Bar Free - CYKO/PROGRESS UI/bgArtboard 51.png
  artifactKey: Guid(a228e86e21dff472bb174d51ea9a25ca) Importer(815301076,1909f56bfc062723c751e8b465ee728b)
Start importing Assets/Beautiful Progress Bar Free - CYKO/PROGRESS UI/bgArtboard 51.png using Guid(a228e86e21dff472bb174d51ea9a25ca) Importer(815301076,1909f56bfc062723c751e8b465ee728b)  -> (artifact id: '59c66724104ef52b3bcbafa8a18c974b') in 0.035821 seconds 
  Import took 0.048168 seconds .

========================================================================
Received Import Request.
  Time since last request: 0.142745 seconds.
  path: Assets/Beautiful Progress Bar Free - CYKO/PROGRESS UI/bgArtboard 52.png
  artifactKey: Guid(e956bfda45a1e407795ec4fbf7efe07b) Importer(815301076,1909f56bfc062723c751e8b465ee728b)
Start importing Assets/Beautiful Progress Bar Free - CYKO/PROGRESS UI/bgArtboard 52.png using Guid(e956bfda45a1e407795ec4fbf7efe07b) Importer(815301076,1909f56bfc062723c751e8b465ee728b)  -> (artifact id: 'ede3fb8dff2e4fb678e886b0340c70fb') in 0.039303 seconds 
  Import took 0.048415 seconds .

========================================================================
Received Import Request.
  Time since last request: 0.125115 seconds.
  path: Assets/Beautiful Progress Bar Free - CYKO/PROGRESS UI/bgArtboard 53.png
  artifactKey: Guid(e6d4faad96fb94361b6ae09490fd01f3) Importer(815301076,1909f56bfc062723c751e8b465ee728b)
Start importing Assets/Beautiful Progress Bar Free - CYKO/PROGRESS UI/bgArtboard 53.png using Guid(e6d4faad96fb94361b6ae09490fd01f3) Importer(815301076,1909f56bfc062723c751e8b465ee728b)  -> (artifact id: 'f14746213de7a02a6b81f7ac4d84f6e5') in 0.030949 seconds 
  Import took 0.045728 seconds .

========================================================================
Received Import Request.
  Time since last request: 251.626448 seconds.
  path: Assets/EffectTexturesAndPrefabs/Materials/Blue.mat
  artifactKey: Guid(056b8378eaa9abc4099799b460ca1f78) Importer(815301076,1909f56bfc062723c751e8b465ee728b)
Start importing Assets/EffectTexturesAndPrefabs/Materials/Blue.mat using Guid(056b8378eaa9abc4099799b460ca1f78) Importer(815301076,1909f56bfc062723c751e8b465ee728b)  -> (artifact id: 'ea026dfb20649dc190fb7f66d14cf556') in 5.820490 seconds 
  Import took 6.150885 seconds .

========================================================================
Received Import Request.
  Time since last request: 0.528892 seconds.
  path: Assets/EffectTexturesAndPrefabs/Materials/MuzzleFlash.mat
  artifactKey: Guid(c87875f717377f74f84d94ac4def6622) Importer(815301076,1909f56bfc062723c751e8b465ee728b)
Start importing Assets/EffectTexturesAndPrefabs/Materials/MuzzleFlash.mat using Guid(c87875f717377f74f84d94ac4def6622) Importer(815301076,1909f56bfc062723c751e8b465ee728b)  -> (artifact id: '0347f8bf026adf8ab3639b22de342486') in 1.157279 seconds 
  Import took 1.182989 seconds .

========================================================================
Received Import Request.
  Time since last request: 0.001381 seconds.
  path: Assets/EffectTexturesAndPrefabs/Materials/Heart.mat
  artifactKey: Guid(39fbad40cddaec94196b2768dba204a5) Importer(815301076,1909f56bfc062723c751e8b465ee728b)
Start importing Assets/EffectTexturesAndPrefabs/Materials/Heart.mat using Guid(39fbad40cddaec94196b2768dba204a5) Importer(815301076,1909f56bfc062723c751e8b465ee728b)  -> (artifact id: '02686eef87f8d0fbd691ef8d3a9f132a') in 0.381535 seconds 
  Import took 0.406314 seconds .

========================================================================
Received Import Request.
  Time since last request: 0.037425 seconds.
  path: Assets/EffectTexturesAndPrefabs/Materials/LightRing.mat
  artifactKey: Guid(0161c043b67ab5541a07dbabad9d69b4) Importer(815301076,1909f56bfc062723c751e8b465ee728b)
Start importing Assets/EffectTexturesAndPrefabs/Materials/LightRing.mat using Guid(0161c043b67ab5541a07dbabad9d69b4) Importer(815301076,1909f56bfc062723c751e8b465ee728b)  -> (artifact id: '41589acc02fdc500026332af1fcdfc1b') in 0.053372 seconds 
  Import took 0.071595 seconds .

========================================================================
Received Import Request.
  Time since last request: 0.000682 seconds.
  path: Assets/Fonts/07LogoTypeGothic7.ttf
  artifactKey: Guid(c4f9d57e473344c8a9d411b3c842d44d) Importer(815301076,1909f56bfc062723c751e8b465ee728b)
Start importing Assets/Fonts/07LogoTypeGothic7.ttf using Guid(c4f9d57e473344c8a9d411b3c842d44d) Importer(815301076,1909f56bfc062723c751e8b465ee728b)  -> (artifact id: '6f74f2e6f538968bcd27b92165c5f95f') in 3.952041 seconds 
  Import took 3.965066 seconds .

========================================================================
Received Import Request.
  Time since last request: 0.009486 seconds.
  path: Assets/EffectTexturesAndPrefabs/Materials/Fire_A.mat
  artifactKey: Guid(b465c451c01c117458142e3e46fe035b) Importer(815301076,1909f56bfc062723c751e8b465ee728b)
Start importing Assets/EffectTexturesAndPrefabs/Materials/Fire_A.mat using Guid(b465c451c01c117458142e3e46fe035b) Importer(815301076,1909f56bfc062723c751e8b465ee728b)  -> (artifact id: 'a9084814dc4bf3f748622ba4d9b1f09a') in 0.178201 seconds 
  Import took 0.187002 seconds .

========================================================================
Received Import Request.
  Time since last request: 0.000396 seconds.
  path: Assets/EffectTexturesAndPrefabs/Materials/FireParticle_A.mat
  artifactKey: Guid(abc49fa8b01f5314c880641bc7c5986d) Importer(815301076,1909f56bfc062723c751e8b465ee728b)
Start importing Assets/EffectTexturesAndPrefabs/Materials/FireParticle_A.mat using Guid(abc49fa8b01f5314c880641bc7c5986d) Importer(815301076,1909f56bfc062723c751e8b465ee728b)  -> (artifact id: '64423d0df98ab84835cb79bac8189ad9') in 0.050659 seconds 
  Import took 0.060191 seconds .

========================================================================
Received Import Request.
  Time since last request: 0.000367 seconds.
  path: Assets/EffectTexturesAndPrefabs/Materials/Light.mat
  artifactKey: Guid(05fa321eed70c8a4abaaa1eb517bb3b7) Importer(815301076,1909f56bfc062723c751e8b465ee728b)
Start importing Assets/EffectTexturesAndPrefabs/Materials/Light.mat using Guid(05fa321eed70c8a4abaaa1eb517bb3b7) Importer(815301076,1909f56bfc062723c751e8b465ee728b)  -> (artifact id: '1eef4a9767b043be0c00f0009947cfeb') in 0.062756 seconds 
  Import took 0.089080 seconds .

========================================================================
Received Prepare
Registering precompiled user dll's ...
Registered in 0.011512 seconds.
Begin MonoManager ReloadAssembly
Native extension for WindowsStandalone target not found
Native extension for OSXStandalone target not found
Native extension for WebGL target not found
Refreshing native plugins compatible for Editor in 0.68 ms, found 3 plugins.
Preloading 0 native plugins for Editor in 0.00 ms.
Mono: successfully reloaded assembly
- Completed reload, in  2.486 seconds
Domain Reload Profiling:
	ReloadAssembly (2497ms)
		BeginReloadAssembly (366ms)
			ExecutionOrderSort (0ms)
			DisableScriptedObjects (29ms)
			BackupInstance (0ms)
			ReleaseScriptingObjects (0ms)
			CreateAndSetChildDomain (221ms)
		EndReloadAssembly (2014ms)
			LoadAssemblies (212ms)
			RebuildTransferFunctionScriptingTraits (0ms)
			SetupTypeCache (619ms)
			ReleaseScriptCaches (1ms)
			RebuildScriptCaches (77ms)
			SetupLoadedEditorAssemblies (895ms)
				LogAssemblyErrors (0ms)
				InitializePlatformSupportModulesInManaged (9ms)
				SetLoadedEditorAssemblies (1ms)
				RefreshPlugins (1ms)
				BeforeProcessingInitializeOnLoad (364ms)
				ProcessInitializeOnLoadAttributes (498ms)
				ProcessInitializeOnLoadMethodAttributes (20ms)
				AfterProcessingInitializeOnLoad (2ms)
				EditorAssembliesLoaded (0ms)
			ExecutionOrderSort2 (0ms)
			AwakeInstancesAfterBackupRestoration (15ms)
Platform modules already initialized, skipping
Switching build target platform(2) subTarget(0) extendedPlatform(0) -> platform(9) subTarget(16777218) extendedPlatform(0)
Refreshing native plugins compatible for Editor in 1.01 ms, found 3 plugins.
Preloading 0 native plugins for Editor in 0.00 ms.
Unloading 2188 Unused Serialized files (Serialized files now loaded: 0)
System memory in use before: 291.5 MB.
System memory in use after: 291.7 MB.

Unloading 17 unused Assets to reduce memory usage. Loaded Objects now: 2739.
Total: 9.490502 ms (FindLiveObjects: 2.473803 ms CreateObjectMapping: 0.264843 ms MarkObjects: 5.968976 ms  DeleteObjects: 0.780864 ms)

AssetImportParameters requested are different than current active one (requested -> active):
  custom:video-decoder-ogg-theora: a1e56fd34408186e4bbccfd4996cb3dc -> 
  custom:container-muxer-webm: aa71ff27fc2769a1b78a27578f13a17b -> 
  custom:container-demuxer-webm: 4f35f7cbe854078d1ac9338744f61a02 -> 
  custom:container-demuxer-ogg: 62fdf1f143b41e24485cea50d1cbac27 -> 
  custom:video-encoder-webm-vp8: eb34c28f22e8b96e1ab97ce403110664 -> 
  custom:framework-osx-AVFoundation: e770b220cccbd017edd2c1fefb359320 -> 
  custom:video-decoder-webm-vp8: 9c59270c3fd7afecdb556c50c9e8de78 -> 
  custom:graphics/normal-map-encoding: 01000000000000000000000000000000 -> 02000000000000000000000000000000
  custom:audio-decoder-ogg-vorbis: bf7c407c2cedff20999df2af8eb42d56 -> 
  custom:audio-encoder-webm-vorbis: bf7c407c2cedff20999df2af8eb42d56 -> 
========================================================================
Received Import Request.
  Time since last request: 1163.285735 seconds.
  path: Assets/Graphics/1065010201.png
  artifactKey: Guid(dd7746c82db1b427e99e9e9cb2c8c48c) Importer(815301076,1909f56bfc062723c751e8b465ee728b)
Start importing Assets/Graphics/1065010201.png using Guid(dd7746c82db1b427e99e9e9cb2c8c48c) Importer(815301076,1909f56bfc062723c751e8b465ee728b)  -> (artifact id: '80450c062fab7df6cae569ac1ca5a8a1') in 1.686785 seconds 
  Import took 2.041152 seconds .

========================================================================
Received Import Request.
  Time since last request: 21427.355711 seconds.
  path: Assets/Scenes/EventScene.unity
  artifactKey: Guid(bdc6e4736427547d58e2748dba27d7b7) Importer(815301076,1909f56bfc062723c751e8b465ee728b)
Start importing Assets/Scenes/EventScene.unity using Guid(bdc6e4736427547d58e2748dba27d7b7) Importer(815301076,1909f56bfc062723c751e8b465ee728b)  -> (artifact id: '75996d2dc874f1deb8ec2cf99c5330be') in 0.337757 seconds 
  Import took 0.785411 seconds .

========================================================================
Received Import Request.
  Time since last request: 10.806123 seconds.
  path: Assets/Scenes/BattleScene.unity
  artifactKey: Guid(fb4898b0714334d69821f38193fa624c) Importer(815301076,1909f56bfc062723c751e8b465ee728b)
Start importing Assets/Scenes/BattleScene.unity using Guid(fb4898b0714334d69821f38193fa624c) Importer(815301076,1909f56bfc062723c751e8b465ee728b)  -> (artifact id: '074014b245aeac5fb937dfdbb4a58c33') in 0.014459 seconds 
  Import took 0.034454 seconds .

========================================================================
Received Prepare
Registering precompiled user dll's ...
Registered in 0.011568 seconds.
Begin MonoManager ReloadAssembly
Native extension for WindowsStandalone target not found
Native extension for OSXStandalone target not found
Native extension for WebGL target not found
Refreshing native plugins compatible for Editor in 4.79 ms, found 3 plugins.
Preloading 0 native plugins for Editor in 0.00 ms.
Mono: successfully reloaded assembly
- Completed reload, in  5.198 seconds
Domain Reload Profiling:
	ReloadAssembly (5212ms)
		BeginReloadAssembly (2113ms)
			ExecutionOrderSort (0ms)
			DisableScriptedObjects (217ms)
			BackupInstance (0ms)
			ReleaseScriptingObjects (3ms)
			CreateAndSetChildDomain (1560ms)
		EndReloadAssembly (2934ms)
			LoadAssemblies (377ms)
			RebuildTransferFunctionScriptingTraits (1ms)
			SetupTypeCache (1083ms)
			ReleaseScriptCaches (1ms)
			RebuildScriptCaches (115ms)
			SetupLoadedEditorAssemblies (947ms)
				LogAssemblyErrors (0ms)
				InitializePlatformSupportModulesInManaged (42ms)
				SetLoadedEditorAssemblies (2ms)
				RefreshPlugins (5ms)
				BeforeProcessingInitializeOnLoad (356ms)
				ProcessInitializeOnLoadAttributes (486ms)
				ProcessInitializeOnLoadMethodAttributes (53ms)
				AfterProcessingInitializeOnLoad (2ms)
				EditorAssembliesLoaded (0ms)
			ExecutionOrderSort2 (0ms)
			AwakeInstancesAfterBackupRestoration (28ms)
Platform modules already initialized, skipping
Switching build target platform(2) subTarget(0) extendedPlatform(0) -> platform(9) subTarget(16777218) extendedPlatform(0)
Refreshing native plugins compatible for Editor in 0.78 ms, found 3 plugins.
Preloading 0 native plugins for Editor in 0.00 ms.
Unloading 2188 Unused Serialized files (Serialized files now loaded: 0)
System memory in use before: 292.1 MB.
System memory in use after: 292.3 MB.

Unloading 17 unused Assets to reduce memory usage. Loaded Objects now: 2744.
Total: 13.293108 ms (FindLiveObjects: 2.944589 ms CreateObjectMapping: 0.260311 ms MarkObjects: 10.031278 ms  DeleteObjects: 0.054043 ms)

AssetImportParameters requested are different than current active one (requested -> active):
  custom:video-decoder-ogg-theora: a1e56fd34408186e4bbccfd4996cb3dc -> 
  custom:container-muxer-webm: aa71ff27fc2769a1b78a27578f13a17b -> 
  custom:container-demuxer-webm: 4f35f7cbe854078d1ac9338744f61a02 -> 
  custom:container-demuxer-ogg: 62fdf1f143b41e24485cea50d1cbac27 -> 
  custom:video-encoder-webm-vp8: eb34c28f22e8b96e1ab97ce403110664 -> 
  custom:framework-osx-AVFoundation: e770b220cccbd017edd2c1fefb359320 -> 
  custom:video-decoder-webm-vp8: 9c59270c3fd7afecdb556c50c9e8de78 -> 
  custom:graphics/normal-map-encoding: 01000000000000000000000000000000 -> 02000000000000000000000000000000
  custom:audio-decoder-ogg-vorbis: bf7c407c2cedff20999df2af8eb42d56 -> 
  custom:audio-encoder-webm-vorbis: bf7c407c2cedff20999df2af8eb42d56 -> 
